<?xml version="1.0" encoding="UTF-8"?>
<testng-results skipped="0" failed="0" ignored="0" total="1" passed="1">
  <reporter-output>
  </reporter-output>
  <suite name="Surefire suite" duration-ms="1325" started-at="2021-07-06T14:19:19 ICT" finished-at="2021-07-06T14:19:20 ICT">
    <groups>
    </groups>
    <test name="Surefire test" duration-ms="1325" started-at="2021-07-06T14:19:19 ICT" finished-at="2021-07-06T14:19:20 ICT">
      <class name="Cucumber.Automation.AppTest">
        <test-method status="PASS" signature="shouldAnswerWithTrue()" name="shouldAnswerWithTrue" duration-ms="6" started-at="2021-07-06T14:19:19 ICT" finished-at="2021-07-06T14:19:19 ICT">
          <reporter-output>
          </reporter-output>
        </test-method> <!-- shouldAnswerWithTrue -->
      </class> <!-- Cucumber.Automation.AppTest -->
    </test> <!-- Surefire test -->
  </suite> <!-- Surefire suite -->
</testng-results>
